[oscarjbyles2003.wixsite.com/downloadtest.html]
[backblue.gif]
[fade.gif]
[index.html]
[static.parastorage.com/services/third-party/requirejs/2.1.15/require.min.js]
[static.parastorage.com/services/santa/1.2648.22/app/main-r.min.js]
[static.parastorage.com/unpkg/lodash@4.17.4/lodash.min.js]
[static.parastorage.com/unpkg/zepto@1.2.0/dist/zepto.min.js]
[static.parastorage.com/unpkg/react@15.5.4/dist/react-with-addons.min.js]
[oscarjbyles2003.wixsite.com/sitemap.xml]
[oscarjbyles2003.wixsite.com/feed.xml]
[oscarjbyles2003.wixsite.com/downloadtest.html]
[static.parastorage.com/services/third-party/requirejs/2.1.15/require.min.js]
[oscarjbyles2003.wixsite.com/index.html]
[oscarjbyles2003.wixsite.com/GET]
[static.parastorage.com/services/santa/1.2648.22/app/main-r.min.js]
[oscarjbyles2003.wixsite.com/sitemap.html]
[oscarjbyles2003.wixsite.com/feed.html]
[oscarjbyles2003.wixsite.com/index.html]
[oscarjbyles2003.wixsite.com/GET.html]
